[ 2025-01-23 10:10:57,935 ] 1025 httpx - INFO - HTTP Request: GET https://dagshub.com/api/v1/user "HTTP/1.1 200 OK"
[ 2025-01-23 10:10:57,941 ] 107 dagshub - INFO - Accessing as Udit-Tiwari
[ 2025-01-23 10:10:58,355 ] 1025 httpx - INFO - HTTP Request: GET https://dagshub.com/api/v1/repos/Udit-Tiwari/networksecurity "HTTP/1.1 200 OK"
[ 2025-01-23 10:10:58,745 ] 1025 httpx - INFO - HTTP Request: GET https://dagshub.com/api/v1/user "HTTP/1.1 200 OK"
[ 2025-01-23 10:10:58,753 ] 107 dagshub - INFO - Initialized MLflow to track repo "Udit-Tiwari/networksecurity"
[ 2025-01-23 10:10:58,755 ] 107 dagshub - INFO - Repository Udit-Tiwari/networksecurity initialized!
[ 2025-01-23 10:12:34,511 ] 42 root - INFO - Start data Ingestion
[ 2025-01-23 10:12:38,050 ] 65 root - INFO - Performed train test split on the dataframe
[ 2025-01-23 10:12:38,050 ] 67 root - INFO - Exited split_data_as_train_test method of Data_Ingestion class
[ 2025-01-23 10:12:38,052 ] 75 root - INFO - Exporting train and test file path.
[ 2025-01-23 10:12:38,144 ] 84 root - INFO - Exported train and test file path.
[ 2025-01-23 10:12:38,145 ] 45 root - INFO - Data Ingestion completed and artifact: DataIngestionArtifact(trained_file_path='Artifacts\\01_23_2025_10_10_45\\data_ingestion\\ingested\\train.csv', test_file_path='Artifacts\\01_23_2025_10_10_45\\data_ingestion\\ingested\\test.csv')
[ 2025-01-23 10:12:38,177 ] 55 root - INFO - Initiate the data Validation
[ 2025-01-23 10:12:38,295 ] 33 root - INFO - Required number of columns:2
[ 2025-01-23 10:12:38,295 ] 34 root - INFO - Data frame has columns:31
[ 2025-01-23 10:12:38,577 ] 63 root - INFO - Entered initiate_data_transformation method of DataTransformation class
[ 2025-01-23 10:12:38,577 ] 65 root - INFO - Starting data transformation
[ 2025-01-23 10:12:38,625 ] 48 root - INFO - Entered get_data_trnasformer_object method of Trnasformation class
[ 2025-01-23 10:12:38,626 ] 53 root - INFO - Initialise KNNImputer with {'missing_values': nan, 'n_neighbors': 3, 'weights': 'uniform'}
[ 2025-01-23 10:12:38,647 ] 46 root - INFO - Entered the save_object method of MainUtils class
[ 2025-01-23 10:12:38,650 ] 50 root - INFO - Exited the save_object method of MainUtils class
[ 2025-01-23 10:12:38,650 ] 46 root - INFO - Entered the save_object method of MainUtils class
[ 2025-01-23 10:12:38,658 ] 50 root - INFO - Exited the save_object method of MainUtils class
[ 2025-01-23 10:18:05,727 ] 46 root - INFO - Entered the save_object method of MainUtils class
[ 2025-01-23 10:18:05,728 ] 50 root - INFO - Exited the save_object method of MainUtils class
[ 2025-01-23 10:18:05,728 ] 46 root - INFO - Entered the save_object method of MainUtils class
[ 2025-01-23 10:18:05,732 ] 50 root - INFO - Exited the save_object method of MainUtils class
[ 2025-01-23 10:18:05,732 ] 150 root - INFO - Model trainer artifact: ModelTrainerArtifact(trained_model_file_path='Artifacts\\01_23_2025_10_10_45\\model_trainer\\trained_model\\model.pkl', train_metric_artifact=ClassificationMetricArtifact(f1_score=0.9904781199351702, precision_score=0.9884755357864942, recall_score=0.9924888347543646), test_metric_artifact=ClassificationMetricArtifact(f1_score=0.9752535496957404, precision_score=0.9740680713128039, recall_score=0.9764419171405362))
